{
  "stats": {
    "suites": 1,
    "tests": 1,
    "passes": 1,
    "pending": 0,
    "failures": 0,
    "start": "2024-01-03T17:46:50.629Z",
    "end": "2024-01-03T17:46:55.565Z",
    "duration": 4936,
    "testsRegistered": 1,
    "passPercent": 100,
    "pendingPercent": 0,
    "other": 0,
    "hasOther": false,
    "skipped": 0,
    "hasSkipped": false
  },
  "results": [
    {
      "uuid": "7a4e8b2a-b26a-4532-8eda-2112b1214bfe",
      "title": "",
      "fullFile": "cypress/e2e/3-exemplesRahulShetty/Test9Framework.cy.js",
      "file": "cypress/e2e/3-exemplesRahulShetty/Test9Framework.cy.js",
      "beforeHooks": [],
      "afterHooks": [],
      "tests": [],
      "suites": [
        {
          "uuid": "f96e7784-3c3e-490a-bc77-00868ae49a5e",
          "title": "Validate attribute properties with Hook DDT Test Suite",
          "fullFile": "",
          "file": "",
          "beforeHooks": [],
          "afterHooks": [],
          "tests": [
            {
              "title": "ValidatingAttributePropertiesAndBehavior",
              "fullTitle": "Validate attribute properties with Hook DDT Test Suite ValidatingAttributePropertiesAndBehavior",
              "timedOut": null,
              "duration": 2478,
              "state": "passed",
              "speed": "fast",
              "pass": true,
              "fail": false,
              "pending": false,
              "context": null,
              "code": "cy.visit(\"https://rahulshettyacademy.com/angularpractice/\");\ncy.get(\"input[name='name']:nth-child(2)\").type(userdata.name);\ncy.get(\"select\").select(userdata.gender);\ncy.get(\":nth-child(4) > .ng-pristine\").should(\"have.value\", userdata.name);\ncy.get(\"input[name='name']:nth-child(2)\").should(\"have.attr\", \"minlength\", \"2\");\n// Another way to do an  assertion\ncy.get(\"input[name='name']:nth-child(2)\").then(el => {\n  const minLength = el.prop(\"minlength\");\n  cy.log(minLength);\n});\ncy.get(\"#inlineRadio3\").should(\"be.disabled\");",
              "err": {},
              "uuid": "29da13c2-074f-437a-b40f-fab878b78542",
              "parentUUID": "f96e7784-3c3e-490a-bc77-00868ae49a5e",
              "isHook": false,
              "skipped": false
            }
          ],
          "suites": [],
          "passes": [
            "29da13c2-074f-437a-b40f-fab878b78542"
          ],
          "failures": [],
          "pending": [],
          "skipped": [],
          "duration": 2478,
          "root": false,
          "rootEmpty": false,
          "_timeout": 2000
        }
      ],
      "passes": [],
      "failures": [],
      "pending": [],
      "skipped": [],
      "duration": 0,
      "root": true,
      "rootEmpty": true,
      "_timeout": 2000
    }
  ],
  "meta": {
    "mocha": {
      "version": "7.0.1"
    },
    "mochawesome": {
      "options": {
        "quiet": false,
        "reportFilename": "mochawesome",
        "saveHtml": true,
        "saveJson": true,
        "consoleReporter": "spec",
        "useInlineDiffs": false,
        "code": true
      },
      "version": "7.1.3"
    },
    "marge": {
      "options": null,
      "version": "6.2.0"
    }
  }
}