{
  "stats": {
    "suites": 1,
    "tests": 1,
    "passes": 1,
    "pending": 0,
    "failures": 0,
    "start": "2024-01-04T12:05:25.315Z",
    "end": "2024-01-04T12:05:35.530Z",
    "duration": 10215,
    "testsRegistered": 1,
    "passPercent": 100,
    "pendingPercent": 0,
    "other": 0,
    "hasOther": false,
    "skipped": 0,
    "hasSkipped": false
  },
  "results": [
    {
      "uuid": "2059fd02-3fe2-4cbc-a957-09fd14bc96a1",
      "title": "",
      "fullFile": "cypress/e2e/GreenKart/Test2.cy.js",
      "file": "cypress/e2e/GreenKart/Test2.cy.js",
      "beforeHooks": [],
      "afterHooks": [],
      "tests": [],
      "suites": [
        {
          "uuid": "675984d0-3fd9-4a66-a9d7-765e35e597e7",
          "title": "My Second Test Suite",
          "fullFile": "",
          "file": "",
          "beforeHooks": [],
          "afterHooks": [],
          "tests": [
            {
              "title": "My secondTest case",
              "fullTitle": "My Second Test Suite My secondTest case",
              "timedOut": null,
              "duration": 8602,
              "state": "passed",
              "speed": "medium",
              "pass": true,
              "fail": false,
              "pending": false,
              "context": null,
              "code": "// test step\ncy.visit(\"https://rahulshettyacademy.com/seleniumPractise/#/\");\ncy.get(\".search-keyword\").type(\"ca\");\ncy.wait(2000);\n//Parent child\ncy.get(\".products\").as(\"productLocator\");\ncy.get(\"@productLocator\").find(\".product\").should(\"have.length\", 4);\ncy.get(\"@productLocator\").find(\".product\").each(($el, index, $list) => {\n  const textVeg = $el.find(\"h4.product-name\").text();\n  //includes is a method in Javascript\n  if (textVeg.includes(\"Cashews\")) {\n    // $el.contains(\"ADD TO CART\").trigger(\"click\");\n    $el.find(\"button\").trigger(\"click\");\n  }\n});\ncy.get(\".cart-icon>img\").click();\ncy.contains(\"PROCEED TO CHECKOUT\").click();\ncy.contains(\"Place Order\").click();",
              "err": {},
              "uuid": "9330f0b2-5572-43a4-95a3-3f6b3fa2a420",
              "parentUUID": "675984d0-3fd9-4a66-a9d7-765e35e597e7",
              "isHook": false,
              "skipped": false
            }
          ],
          "suites": [],
          "passes": [
            "9330f0b2-5572-43a4-95a3-3f6b3fa2a420"
          ],
          "failures": [],
          "pending": [],
          "skipped": [],
          "duration": 8602,
          "root": false,
          "rootEmpty": false,
          "_timeout": 2000
        }
      ],
      "passes": [],
      "failures": [],
      "pending": [],
      "skipped": [],
      "duration": 0,
      "root": true,
      "rootEmpty": true,
      "_timeout": 2000
    }
  ],
  "meta": {
    "mocha": {
      "version": "7.0.1"
    },
    "mochawesome": {
      "options": {
        "quiet": false,
        "reportFilename": "mochawesome",
        "saveHtml": true,
        "saveJson": true,
        "consoleReporter": "spec",
        "useInlineDiffs": false,
        "code": true
      },
      "version": "7.1.3"
    },
    "marge": {
      "options": null,
      "version": "6.2.0"
    }
  }
}